<?xml version="1.0" encoding="UTF-8"?>
<testng-results ignored="0" total="1" passed="1" failed="0" skipped="0">
  <reporter-output>
  </reporter-output>
  <suite started-at="2023-03-09T11:57:56 IST" name="Default suite" finished-at="2023-03-09T11:59:54 IST" duration-ms="117855">
    <groups>
    </groups>
    <test started-at="2023-03-09T11:57:56 IST" name="Default test" finished-at="2023-03-09T11:59:54 IST" duration-ms="117855">
      <class name="com.moneycontrol.Pages.HomePage">
        <test-method signature="login()[pri:0, instance:com.moneycontrol.Pages.HomePage@1b2abca6]" started-at="2023-03-09T11:57:57 IST" name="login" finished-at="2023-03-09T11:59:54 IST" duration-ms="117496" status="PASS">
          <reporter-output>
          </reporter-output>
        </test-method> <!-- login -->
      </class> <!-- com.moneycontrol.Pages.HomePage -->
    </test> <!-- Default test -->
  </suite> <!-- Default suite -->
</testng-results>
